Device: cuda
Label names: ['Black', 'Blue', 'Green', 'TTR']
Train set: 11648
Val set: 1824
Test set: 3456

Epoch: 1
----------
Training loss: 0.5968865552446344; Acc: 0.7847622036933899
Validation loss: 0.38068044234655407; Acc: 0.867222249507904

Epoch: 2
----------
Training loss: 0.3005794843167558; Acc: 0.8982715606689453
Validation loss: 0.32261857377332553; Acc: 0.8861111402511597

Epoch: 3
----------
Training loss: 0.2350736336506248; Acc: 0.9190816283226013
Validation loss: 0.3104631841640201; Acc: 0.902222216129303

Epoch: 4
----------
Training loss: 0.1974399711957181; Acc: 0.9319803714752197
Validation loss: 0.2983901231843782; Acc: 0.9050000309944153

Epoch: 5
----------
Training loss: 0.1669638716144958; Acc: 0.9429013729095459
Validation loss: 0.3264788304447409; Acc: 0.8955555558204651

Epoch: 6
----------
Training loss: 0.14194795798131643; Acc: 0.9527904391288757
Validation loss: 0.32122187975083333; Acc: 0.9105556011199951

Epoch: 7
----------
Training loss: 0.13130568972389614; Acc: 0.9547682404518127
Validation loss: 0.3375853104864067; Acc: 0.898888885974884

Epoch: 8
----------
Training loss: 0.11701180230043215; Acc: 0.9589818716049194
Validation loss: 0.3545263361312416; Acc: 0.9005555510520935

Epoch: 9
----------
Training loss: 0.1058312441493579; Acc: 0.9630234837532043
Validation loss: 0.36192562978249043; Acc: 0.9005555510520935

Epoch: 10
----------
Training loss: 0.09537609294696538; Acc: 0.9670650959014893
Validation loss: 0.3609453653967776; Acc: 0.9027777910232544

Epoch: 11
----------
Training loss: 0.08966779258680417; Acc: 0.9671511054039001
Validation loss: 0.37655076110559893; Acc: 0.894444465637207

Epoch: 12
----------
Training loss: 0.09348929058223103; Acc: 0.9660331606864929
Validation loss: 0.39858561005543414; Acc: 0.8961111307144165

Epoch: 13
----------
Training loss: 0.08480687558799369; Acc: 0.9686989188194275
Validation loss: 0.408462101532853; Acc: 0.897777795791626

Epoch: 14
----------
Training loss: 0.07674515392544301; Acc: 0.9708487391471863
Validation loss: 0.39662242921379703; Acc: 0.8966667056083679

Epoch: 15
----------
Training loss: 0.07385953727234565; Acc: 0.9730845093727112
Validation loss: 0.4756199958327782; Acc: 0.894444465637207

Epoch: 16
----------
Training loss: 0.07488228507969365; Acc: 0.9723106026649475
Validation loss: 0.4545686898710668; Acc: 0.9016667008399963

Epoch: 17
----------
Training loss: 0.06707749527669256; Acc: 0.9750623106956482
Validation loss: 0.4414262207267855; Acc: 0.9005555510520935

Epoch: 18
----------
Training loss: 0.07059173480892851; Acc: 0.9723966121673584
Validation loss: 0.4336360262749255; Acc: 0.8961111307144165

Epoch: 19
----------
Training loss: 0.06763069176532144; Acc: 0.9743744134902954
Validation loss: 0.45118336718894025; Acc: 0.893333375453949

Epoch: 20
----------
Training loss: 0.06326845920437456; Acc: 0.9753203392028809
Validation loss: 0.453426937177714; Acc: 0.894444465637207

Epoch: 21
----------
Training loss: 0.0661480076816368; Acc: 0.9735144972801208
Validation loss: 0.45718945780658704; Acc: 0.8927778005599976

Epoch: 22
----------
Training loss: 0.06151473451777397; Acc: 0.9754922986030579
Validation loss: 0.47886846105597725; Acc: 0.8922222256660461

Epoch: 23
----------
Training loss: 0.0591358280283972; Acc: 0.9766961932182312
Validation loss: 0.49746319496970454; Acc: 0.89000004529953

Epoch: 24
----------
Training loss: 0.05863016355714945; Acc: 0.9772981405258179
Validation loss: 0.4965466638993045; Acc: 0.893333375453949

Epoch: 25
----------
Training loss: 0.060195979788249546; Acc: 0.97704017162323
Validation loss: 0.4920135476279763; Acc: 0.8950000405311584

Epoch: 26
----------
Training loss: 0.057472956276647134; Acc: 0.9756642580032349
Validation loss: 0.5152988067282805; Acc: 0.8950000405311584

Epoch: 27
----------
Training loss: 0.055690930561727976; Acc: 0.977212131023407
Validation loss: 0.48991624689548635; Acc: 0.8922222256660461

Epoch: 28
----------
Training loss: 0.05550689329019016; Acc: 0.9779000878334045
Validation loss: 0.5205252526644281; Acc: 0.8916667103767395

Epoch: 29
----------
Training loss: 0.05316955554727618; Acc: 0.9791039824485779
Validation loss: 0.5086955904740822; Acc: 0.8966667056083679

Epoch: 30
----------
Training loss: 0.054868297304083075; Acc: 0.9779860377311707
Validation loss: 0.5350372788835605; Acc: 0.897777795791626

Finished Training
